2025-08-09 11:39:32.967 | ERROR    | app.main:prompt_generation:137 - Prompt generation error: 图片上传失败: 
2025-08-09 12:05:49.218 | ERROR    | app.main:generate_prompt:228 - Prompt generation error: 404: 未找到对应的分析结果
2025-08-09 12:06:12.514 | ERROR    | app.main:generate_prompt:228 - Prompt generation error: 404: 未找到对应的分析结果
2025-08-09 12:07:30.596 | ERROR    | app.main:generate_prompt:250 - Prompt generation error: 404: 未找到对应的分析结果
2025-08-09 12:30:34.979 | ERROR    | app.main:generate_prompt:281 - Prompt generation error: 404: 未找到对应的分析结果
2025-08-09 12:30:56.366 | ERROR    | app.main:generate_prompt:281 - Prompt generation error: 404: 未找到对应的分析结果
2025-08-09 12:30:57.347 | ERROR    | app.main:generate_prompt:281 - Prompt generation error: 404: 未找到对应的分析结果
2025-08-09 12:49:15.462 | ERROR    | app.main:generate_prompt:311 - Prompt generation error: 404: 未找到对应的分析结果
2025-08-09 12:52:00.785 | ERROR    | app.main:generate_prompt:311 - Prompt generation error: 404: 未找到对应的分析结果
2025-08-09 12:52:01.814 | ERROR    | app.main:generate_prompt:311 - Prompt generation error: 404: 未找到对应的分析结果
2025-08-09 12:52:02.355 | ERROR    | app.main:generate_prompt:311 - Prompt generation error: 404: 未找到对应的分析结果
2025-08-09 12:52:02.529 | ERROR    | app.main:generate_prompt:311 - Prompt generation error: 404: 未找到对应的分析结果
2025-08-09 12:52:02.686 | ERROR    | app.main:generate_prompt:311 - Prompt generation error: 404: 未找到对应的分析结果
2025-08-17 02:32:45.285 | ERROR    | app.main:get_sora_task_status:360 - Failed to get Sora task status for 687d8377-bdd7-47cd-a4ac-3b40aefa4b2f: 
2025-08-17 02:33:56.453 | ERROR    | app.main:get_sora_task_status:360 - Failed to get Sora task status for bbf76c03-e7e5-49ee-9266-abd99e9ea12c: All connection attempts failed
2025-08-17 02:35:18.373 | ERROR    | app.main:get_sora_task_status:360 - Failed to get Sora task status for 61a73930-3aad-42a0-a235-e1040f2783c7: All connection attempts failed
2025-08-17 02:37:31.493 | ERROR    | app.main:get_sora_task_status:360 - Failed to get Sora task status for 3941d6bb-086c-4071-bc35-f013217576fa: All connection attempts failed
2025-08-17 02:38:12.453 | ERROR    | app.main:get_sora_task_status:360 - Failed to get Sora task status for 3941d6bb-086c-4071-bc35-f013217576fa: All connection attempts failed
2025-08-17 02:38:38.053 | ERROR    | app.main:get_sora_task_status:360 - Failed to get Sora task status for 3941d6bb-086c-4071-bc35-f013217576fa: All connection attempts failed
2025-08-17 02:44:02.091 | ERROR    | app.main:get_sora_task_status:360 - Failed to get Sora task status for f728b0b3-25b8-4f0a-8a08-21d0cce3d994: 
2025-08-17 02:52:03.570 | ERROR    | app.main:get_sora_task_status:360 - Failed to get Sora task status for 224d4cf0-1d56-47e1-a021-74352eab9a2e: 
2025-08-17 03:53:59.013 | ERROR    | app.main:get_sora_task_status:330 - Failed to get Sora task status for 3489970e-873c-4879-b513-dd8b1e38efcf: All connection attempts failed
2025-08-17 03:54:29.733 | ERROR    | app.main:get_sora_task_status:330 - Failed to get Sora task status for 3489970e-873c-4879-b513-dd8b1e38efcf: All connection attempts failed
2025-08-17 04:15:34.373 | ERROR    | app.main:get_sora_task_status:330 - Failed to get Sora task status for f6a04e6d-eea1-439b-8e88-4f271a3a35eb: All connection attempts failed
2025-08-17 04:16:20.453 | ERROR    | app.main:get_sora_task_status:330 - Failed to get Sora task status for f6a04e6d-eea1-439b-8e88-4f271a3a35eb: All connection attempts failed
2025-08-17 04:55:50.126 | ERROR    | app.main:sora_image_generation:303 - Sora generation failed: 
2025-08-17 04:56:46.779 | ERROR    | app.main:get_sora_task_status:330 - Failed to get Sora task status for bb5dd485-76aa-40d1-a7db-2fee8fa095ec: 
2025-08-17 12:53:13.221 | ERROR    | app.main:sora_image_generation:303 - Sora generation failed: 
2025-08-17 12:53:15.411 | ERROR    | app.main:sora_image_generation:303 - Sora generation failed: 
2025-08-17 12:53:30.179 | ERROR    | app.main:get_sora_task_status:330 - Failed to get Sora task status for 50e6d72e-75db-48ef-9b1a-f6e12109249f: 
2025-08-17 13:07:07.253 | ERROR    | app.main:get_sora_task_status:330 - Failed to get Sora task status for 5d53fe62-30b4-44a2-bd74-79d2cee8e5a7: 
2025-08-17 14:03:42.059 | ERROR    | app.main:get_sora_task_status:330 - Failed to get Sora task status for e2a3aa45-b310-49bd-b0e4-d5e60a56d304: 
2025-08-17 22:00:42.233 | ERROR    | app.main:get_sora_task_status:330 - Failed to get Sora task status for f244075d-9d62-44c9-945b-76e3c2bdb0c1: 
2025-09-18 14:07:26.084 | ERROR    | app.main:get_sora_task_status:330 - Failed to get Sora task status for dad518d1-ed84-4c42-b1a1-936592fdd009: All connection attempts failed
2025-09-18 14:16:28.786 | ERROR    | app.main:get_sora_task_status:330 - Failed to get Sora task status for a9e00620-b122-4a1d-a782-f16fa965b7e5: All connection attempts failed
2025-09-18 14:17:14.865 | ERROR    | app.main:get_sora_task_status:330 - Failed to get Sora task status for a9e00620-b122-4a1d-a782-f16fa965b7e5: All connection attempts failed
2025-09-18 14:17:35.344 | ERROR    | app.main:get_sora_task_status:330 - Failed to get Sora task status for a9e00620-b122-4a1d-a782-f16fa965b7e5: All connection attempts failed
2025-09-18 14:35:05.416 | ERROR    | app.main:get_sora_task_status:330 - Failed to get Sora task status for ac5525f1-cc22-4625-90c0-8d5a510b2e97: 
2025-09-18 14:37:43.363 | ERROR    | app.main:get_sora_task_status:324 - Sora upstream API error while fetching task: 504 - <html>
<head><title>504 Gateway Time-out</title></head>
<body>
<center><h1>504 Gateway Time-out</h1></center>
<hr><center>nginx</center>
</body>
</html>

2025-09-18 14:37:53.861 | ERROR    | app.main:get_sora_task_status:330 - Failed to get Sora task status for ed9560b2-ea6a-4ab5-94ae-b361464e2043: All connection attempts failed
