2025-08-08 18:38:14.581 | INFO     | __main__:start_server:12 - Starting server...
2025-08-08 18:38:14.581 | INFO     | __main__:start_server:13 - Working directory: D:\workplace\3_FORMU\backend\app
2025-08-08 18:39:04.636 | INFO     | __main__:start_server:12 - Starting server...
2025-08-08 18:39:04.636 | INFO     | __main__:start_server:13 - Working directory: D:\workplace\3_FORMU\backend\app
2025-08-08 18:45:35.425 | INFO     | __main__:start_server:12 - Starting server...
2025-08-08 18:45:35.425 | INFO     | __main__:start_server:13 - Working directory: D:\workplace\3_FORMU\backend\app
2025-08-08 18:45:53.106 | INFO     | __main__:start_server:12 - Starting server...
2025-08-08 18:45:53.106 | INFO     | __main__:start_server:13 - Working directory: D:\workplace\3_FORMU\backend\app
2025-08-08 18:47:02.178 | INFO     | __main__:start_server:12 - Starting server...
2025-08-08 18:47:02.179 | INFO     | __main__:start_server:13 - Working directory: D:\workplace\3_FORMU\backend\app
2025-08-08 18:47:05.926 | INFO     | __main__:start_server:12 - Starting server...
2025-08-08 18:47:05.926 | INFO     | __main__:start_server:13 - Working directory: D:\workplace\3_FORMU\backend\app
2025-08-08 18:48:11.538 | INFO     | __main__:start_server:12 - Starting server...
2025-08-08 18:48:11.539 | INFO     | __main__:start_server:13 - Working directory: D:\workplace\3_FORMU\backend\app
2025-08-08 18:48:55.640 | INFO     | __main__:start_server:12 - Starting server...
2025-08-08 18:48:55.640 | INFO     | __main__:start_server:13 - Working directory: D:\workplace\3_FORMU\backend\app
2025-08-08 18:49:36.746 | INFO     | __main__:start_server:12 - Starting server...
2025-08-08 18:49:36.746 | INFO     | __main__:start_server:13 - Working directory: D:\workplace\3_FORMU\backend\app
2025-08-09 01:22:41.394 | INFO     | __main__:start_server:12 - Starting server...
2025-08-09 01:22:41.395 | INFO     | __main__:start_server:13 - Working directory: /mnt/d/workplace/3_FORMU/backend/app
2025-08-09 01:27:47.130 | INFO     | __main__:start_server:12 - Starting server...
2025-08-09 01:27:47.130 | INFO     | __main__:start_server:13 - Working directory: /mnt/d/workplace/3_FORMU/backend/app
2025-08-09 01:28:04.158 | INFO     | __main__:start_server:12 - Starting server...
2025-08-09 01:28:04.158 | INFO     | __main__:start_server:13 - Working directory: /mnt/d/workplace/3_FORMU/backend/app
2025-08-09 01:29:22.119 | INFO     | __main__:start_server:12 - Starting server...
2025-08-09 01:29:22.120 | INFO     | __main__:start_server:13 - Working directory: /mnt/d/workplace/3_FORMU/backend/app
2025-08-09 01:34:24.396 | INFO     | __main__:start_server:12 - Starting server...
2025-08-09 01:34:24.396 | INFO     | __main__:start_server:13 - Working directory: /mnt/d/workplace/3_FORMU/backend/app
2025-08-09 01:35:06.485 | INFO     | __main__:start_server:12 - Starting server...
2025-08-09 01:35:06.485 | INFO     | __main__:start_server:13 - Working directory: /mnt/d/workplace/3_FORMU/backend/app
2025-08-09 01:35:22.564 | INFO     | main:save_uploaded_file:41 - Uploading file: case-1.jpg
2025-08-09 01:35:22.564 | ERROR    | main:save_uploaded_file:60 - File save error: module 'datetime' has no attribute 'now'
2025-08-09 01:35:22.565 | ERROR    | main:prompt_generation:132 - Prompt generation error: module 'datetime' has no attribute 'now'
2025-08-09 01:35:22.567 | INFO     | core.middleware:dispatch:26 - 127.0.0.1:40090 - "POST /prompt-generation HTTP/1.1" 500 - 0.01s
2025-08-09 01:37:03.021 | INFO     | __main__:start_server:12 - Starting server...
2025-08-09 01:37:03.022 | INFO     | __main__:start_server:13 - Working directory: /mnt/d/workplace/3_FORMU/backend/app
2025-08-09 01:37:16.683 | INFO     | main:save_uploaded_file:41 - Uploading file: case-1.jpg
2025-08-09 01:38:03.052 | INFO     | core.middleware:dispatch:26 - 127.0.0.1:32912 - "POST /prompt-generation HTTP/1.1" 200 - 46.37s
2025-08-09 01:48:21.879 | INFO     | __main__:start_server:12 - Starting server...
2025-08-09 01:48:21.879 | INFO     | __main__:start_server:13 - Working directory: /mnt/d/workplace/3_FORMU/backend/app
2025-08-09 01:48:58.449 | INFO     | __main__:start_server:12 - Starting server...
2025-08-09 01:48:58.449 | INFO     | __main__:start_server:13 - Working directory: /mnt/d/workplace/3_FORMU/backend/app
2025-08-09 01:49:30.788 | INFO     | __main__:start_server:12 - Starting server...
2025-08-09 01:49:30.788 | INFO     | __main__:start_server:13 - Working directory: /mnt/d/workplace/3_FORMU/backend/app
2025-08-09 01:49:42.917 | INFO     | __main__:start_server:12 - Starting server...
2025-08-09 01:49:42.917 | INFO     | __main__:start_server:13 - Working directory: /mnt/d/workplace/3_FORMU/backend/app
2025-08-09 01:50:34.188 | INFO     | __main__:start_server:12 - Starting server...
2025-08-09 01:50:34.189 | INFO     | __main__:start_server:13 - Working directory: /mnt/d/workplace/3_FORMU/backend/app
2025-08-09 01:55:39.038 | INFO     | __main__:start_server:12 - Starting server...
2025-08-09 01:55:39.038 | INFO     | __main__:start_server:13 - Working directory: /mnt/d/workplace/3_FORMU/backend/app
2025-08-09 01:56:08.159 | INFO     | __main__:start_server:12 - Starting server...
2025-08-09 01:56:08.160 | INFO     | __main__:start_server:13 - Working directory: /mnt/d/workplace/3_FORMU/backend/app
2025-08-09 01:58:06.089 | INFO     | __main__:start_server:12 - Starting server...
2025-08-09 01:58:06.090 | INFO     | __main__:start_server:13 - Working directory: /mnt/d/workplace/3_FORMU/backend
